[2026-03-19T08:45:45Z] capella agent starting
[2026-03-19T08:45:45Z] Role: Research
[2026-03-19T08:45:45Z] Heartbeat: capella agent active
[2026-03-19T08:45:45Z] Processing task: Task: Generate verification report
Context: output: VERIFICATION.md
Priority: high
Timestamp: 2026-03-07T03:36:31Z
Source: Autonomous Self-Build
Build_ID: autobuild_ee13847bfbcfcdc1
[2026-03-19T08:47:56Z] capella agent starting
[2026-03-19T08:47:56Z] Role: Research
[2026-03-19T08:47:57Z] Heartbeat: capella agent active
[2026-03-19T08:48:27Z] Heartbeat: capella agent active
[2026-03-19T08:52:47Z] capella agent starting
[2026-03-19T08:52:47Z] Role: Research
[2026-03-19T08:52:48Z] Heartbeat: capella agent active
[2026-03-19T08:59:01Z] capella agent starting
[2026-03-19T08:59:01Z] Role: Research
[2026-03-19T08:59:02Z] Heartbeat: capella agent active
[2026-03-19T09:00:19Z] capella agent starting
[2026-03-19T09:00:19Z] Role: Research
[2026-03-19T09:00:20Z] Heartbeat: capella agent active
[2026-03-19T09:00:24Z] capella agent starting
[2026-03-19T09:00:24Z] Role: Research
[2026-03-19T09:00:25Z] Heartbeat: capella agent active
[2026-03-19T09:00:26Z] capella agent starting
[2026-03-19T09:00:26Z] Role: Research
[2026-03-19T09:00:26Z] Heartbeat: capella agent active
[2026-03-19T09:04:49Z] capella agent starting
[2026-03-19T09:04:49Z] Role: Research
[2026-03-19T09:04:50Z] Heartbeat: capella agent active
[2026-03-19T09:05:20Z] Heartbeat: capella agent active
[2026-03-19T09:06:58Z] capella agent starting
[2026-03-19T09:06:58Z] Role: Research
[2026-03-19T09:06:58Z] Heartbeat: capella agent active
[2026-03-19T09:07:56Z] capella agent starting
[2026-03-19T09:07:57Z] Role: Research
[2026-03-19T09:07:57Z] Heartbeat: capella agent active
[2026-03-19T09:08:13Z] capella agent starting
[2026-03-19T09:08:13Z] Role: Research
[2026-03-19T09:08:14Z] Heartbeat: capella agent active
[2026-03-19T09:09:12Z] capella agent starting
[2026-03-19T09:09:12Z] Role: Research
[2026-03-19T09:09:12Z] Heartbeat: capella agent active
[2026-03-19T09:14:10Z] capella agent starting
[2026-03-19T09:14:11Z] Role: Research
[2026-03-19T09:14:13Z] capella agent starting
[2026-03-19T09:14:15Z] Heartbeat: capella agent active
[2026-03-19T09:14:15Z] Role: Research
[2026-03-19T09:14:18Z] Heartbeat: capella agent active
[2026-03-19T09:14:45Z] Heartbeat: capella agent active
[2026-03-19T09:14:50Z] Heartbeat: capella agent active
[2026-03-19T09:15:15Z] Heartbeat: capella agent active
[2026-03-19T09:15:20Z] Heartbeat: capella agent active
[2026-03-19T09:15:46Z] Heartbeat: capella agent active
[2026-03-19T09:15:51Z] Heartbeat: capella agent active
[2026-03-19T09:16:16Z] Heartbeat: capella agent active
[2026-03-19T09:16:21Z] Heartbeat: capella agent active
[2026-03-19T09:16:46Z] Heartbeat: capella agent active
[2026-03-19T09:16:51Z] Heartbeat: capella agent active
[2026-03-19T09:35:19Z] capella agent starting
[2026-03-19T09:35:19Z] Role: Research
[2026-03-19T09:35:19Z] Heartbeat: capella agent active
[2026-03-19T09:36:56Z] capella agent starting
[2026-03-19T09:36:56Z] Role: Research
[2026-03-19T09:36:57Z] Heartbeat: capella agent active
[2026-03-19T09:40:35Z] capella agent starting
[2026-03-19T09:40:35Z] Role: Research
[2026-03-19T09:40:35Z] Heartbeat: capella agent active
[2026-03-19T09:41:06Z] Heartbeat: capella agent active
[2026-03-19T09:51:00Z] capella agent starting
[2026-03-19T09:51:01Z] Role: Research
[2026-03-19T09:51:01Z] Heartbeat: capella agent active
[2026-03-19T09:53:22Z] capella agent starting
[2026-03-19T09:53:23Z] Role: Research
[2026-03-19T09:53:23Z] Heartbeat: capella agent active
[2026-03-19T09:57:21Z] capella agent starting
[2026-03-19T09:57:21Z] Role: Research
[2026-03-19T09:57:22Z] Heartbeat: capella agent active
[2026-03-19T09:57:52Z] Heartbeat: capella agent active
[2026-03-19T23:31:57Z] capella agent starting
[2026-03-19T23:31:58Z] Role: Research
[2026-03-19T23:31:59Z] Heartbeat: capella agent active
[2026-03-19T23:32:01Z] capella agent starting
[2026-03-19T23:32:01Z] Role: Research
[2026-03-19T23:32:02Z] Heartbeat: capella agent active
