[2026-03-19T08:45:45Z] cygnus agent starting
[2026-03-19T08:45:45Z] Role: AI/ML Integration
[2026-03-19T08:45:45Z] Heartbeat: cygnus agent active
[2026-03-19T08:45:45Z] Processing task: Task: Generate HTML sub-pages for core products
Context: pages: /marsfiat, /mybuyo, /videocourts, /pennichain, /wandermars, /golden-ticket; style: match kre8tive.space hero template; include: product description, CTA, investor link
Priority: critical
Timestamp: 2026-03-07T04:46:45Z
Source: Autonomous Infrastructure Build
Build_ID: infra_f9255027622d1e43
[2026-03-19T08:47:56Z] cygnus agent starting
[2026-03-19T08:47:56Z] Role: AI/ML Integration
[2026-03-19T08:47:57Z] Heartbeat: cygnus agent active
[2026-03-19T08:48:27Z] Heartbeat: cygnus agent active
[2026-03-19T08:52:47Z] cygnus agent starting
[2026-03-19T08:52:47Z] Role: AI/ML Integration
[2026-03-19T08:52:48Z] Heartbeat: cygnus agent active
[2026-03-19T08:59:01Z] cygnus agent starting
[2026-03-19T08:59:02Z] Role: AI/ML Integration
[2026-03-19T08:59:02Z] Heartbeat: cygnus agent active
[2026-03-19T09:00:19Z] cygnus agent starting
[2026-03-19T09:00:19Z] Role: AI/ML Integration
[2026-03-19T09:00:19Z] Heartbeat: cygnus agent active
[2026-03-19T09:00:24Z] cygnus agent starting
[2026-03-19T09:00:24Z] Role: AI/ML Integration
[2026-03-19T09:00:25Z] Heartbeat: cygnus agent active
[2026-03-19T09:00:26Z] cygnus agent starting
[2026-03-19T09:00:26Z] Role: AI/ML Integration
[2026-03-19T09:00:26Z] Heartbeat: cygnus agent active
[2026-03-19T09:04:49Z] cygnus agent starting
[2026-03-19T09:04:49Z] Role: AI/ML Integration
[2026-03-19T09:04:50Z] Heartbeat: cygnus agent active
[2026-03-19T09:05:20Z] Heartbeat: cygnus agent active
[2026-03-19T09:06:58Z] cygnus agent starting
[2026-03-19T09:06:58Z] Role: AI/ML Integration
[2026-03-19T09:06:58Z] Heartbeat: cygnus agent active
[2026-03-19T09:07:56Z] cygnus agent starting
[2026-03-19T09:07:57Z] Role: AI/ML Integration
[2026-03-19T09:07:57Z] Heartbeat: cygnus agent active
[2026-03-19T09:08:13Z] cygnus agent starting
[2026-03-19T09:08:14Z] Role: AI/ML Integration
[2026-03-19T09:08:14Z] Heartbeat: cygnus agent active
[2026-03-19T09:09:12Z] cygnus agent starting
[2026-03-19T09:09:12Z] Role: AI/ML Integration
[2026-03-19T09:09:13Z] Heartbeat: cygnus agent active
[2026-03-19T09:14:10Z] cygnus agent starting
[2026-03-19T09:14:12Z] Role: AI/ML Integration
[2026-03-19T09:14:13Z] cygnus agent starting
[2026-03-19T09:14:15Z] Role: AI/ML Integration
[2026-03-19T09:14:16Z] Heartbeat: cygnus agent active
[2026-03-19T09:14:18Z] Heartbeat: cygnus agent active
[2026-03-19T09:14:48Z] Heartbeat: cygnus agent active
[2026-03-19T09:14:51Z] Heartbeat: cygnus agent active
[2026-03-19T09:15:18Z] Heartbeat: cygnus agent active
[2026-03-19T09:15:22Z] Heartbeat: cygnus agent active
[2026-03-19T09:15:48Z] Heartbeat: cygnus agent active
[2026-03-19T09:15:52Z] Heartbeat: cygnus agent active
[2026-03-19T09:16:19Z] Heartbeat: cygnus agent active
[2026-03-19T09:16:22Z] Heartbeat: cygnus agent active
[2026-03-19T09:16:49Z] Heartbeat: cygnus agent active
[2026-03-19T09:16:52Z] Heartbeat: cygnus agent active
[2026-03-19T09:35:19Z] cygnus agent starting
[2026-03-19T09:35:19Z] Role: AI/ML Integration
[2026-03-19T09:35:19Z] Heartbeat: cygnus agent active
[2026-03-19T09:36:56Z] cygnus agent starting
[2026-03-19T09:36:56Z] Role: AI/ML Integration
[2026-03-19T09:36:57Z] Heartbeat: cygnus agent active
[2026-03-19T09:40:35Z] cygnus agent starting
[2026-03-19T09:40:35Z] Role: AI/ML Integration
[2026-03-19T09:40:35Z] Heartbeat: cygnus agent active
[2026-03-19T09:41:06Z] Heartbeat: cygnus agent active
[2026-03-19T09:51:00Z] cygnus agent starting
[2026-03-19T09:51:00Z] Role: AI/ML Integration
[2026-03-19T09:51:01Z] Heartbeat: cygnus agent active
[2026-03-19T09:53:22Z] cygnus agent starting
[2026-03-19T09:53:22Z] Role: AI/ML Integration
[2026-03-19T09:53:23Z] Heartbeat: cygnus agent active
[2026-03-19T09:57:21Z] cygnus agent starting
[2026-03-19T09:57:21Z] Role: AI/ML Integration
[2026-03-19T09:57:22Z] Heartbeat: cygnus agent active
[2026-03-19T09:57:52Z] Heartbeat: cygnus agent active
[2026-03-19T23:31:56Z] cygnus agent starting
[2026-03-19T23:31:57Z] Role: AI/ML Integration
[2026-03-19T23:31:58Z] Heartbeat: cygnus agent active
[2026-03-19T23:32:00Z] cygnus agent starting
[2026-03-19T23:32:01Z] Role: AI/ML Integration
[2026-03-19T23:32:02Z] Heartbeat: cygnus agent active
