[2026-03-19T08:44:51Z] earth agent starting
[2026-03-19T08:44:51Z] Role: Project Scaffolding
[2026-03-19T08:44:51Z] Heartbeat: earth agent active
[2026-03-19T08:44:51Z] Processing task: Task: Create ecosystem project structure
Context: directories: build-output, deploy, integrations
Priority: high
Timestamp: 2026-03-17T01:56:07Z
Source: Autonomous Self-Build
Build_ID: autobuild_ff77858a5861d779
[2026-03-19T08:45:21Z] Heartbeat: earth agent active
[2026-03-19T08:45:45Z] earth agent starting
[2026-03-19T08:45:45Z] Role: Project Scaffolding
[2026-03-19T08:45:45Z] Heartbeat: earth agent active
[2026-03-19T08:47:56Z] earth agent starting
[2026-03-19T08:47:56Z] Role: Project Scaffolding
[2026-03-19T08:47:57Z] Heartbeat: earth agent active
[2026-03-19T08:48:27Z] Heartbeat: earth agent active
[2026-03-19T08:52:47Z] earth agent starting
[2026-03-19T08:52:48Z] Role: Project Scaffolding
[2026-03-19T08:52:48Z] Heartbeat: earth agent active
[2026-03-19T08:52:56Z] earth agent starting
[2026-03-19T08:52:56Z] Role: Project Scaffolding
[2026-03-19T08:52:56Z] Heartbeat: earth agent active
[2026-03-19T08:53:26Z] Heartbeat: earth agent active
[2026-03-19T08:53:56Z] Heartbeat: earth agent active
[2026-03-19T08:54:26Z] Heartbeat: earth agent active
[2026-03-19T08:54:56Z] Heartbeat: earth agent active
[2026-03-19T08:55:26Z] Heartbeat: earth agent active
[2026-03-19T08:55:56Z] Heartbeat: earth agent active
[2026-03-19T08:56:27Z] Heartbeat: earth agent active
[2026-03-19T08:56:57Z] Heartbeat: earth agent active
[2026-03-19T08:57:27Z] Heartbeat: earth agent active
[2026-03-19T08:57:57Z] Heartbeat: earth agent active
[2026-03-19T08:59:01Z] earth agent starting
[2026-03-19T08:59:02Z] Role: Project Scaffolding
[2026-03-19T08:59:02Z] Heartbeat: earth agent active
[2026-03-19T09:00:19Z] earth agent starting
[2026-03-19T09:00:19Z] Role: Project Scaffolding
[2026-03-19T09:00:19Z] Heartbeat: earth agent active
[2026-03-19T09:00:24Z] earth agent starting
[2026-03-19T09:00:24Z] Role: Project Scaffolding
[2026-03-19T09:00:25Z] Heartbeat: earth agent active
[2026-03-19T09:00:26Z] earth agent starting
[2026-03-19T09:00:26Z] Role: Project Scaffolding
[2026-03-19T09:00:26Z] Heartbeat: earth agent active
[2026-03-19T09:04:49Z] earth agent starting
[2026-03-19T09:04:49Z] Role: Project Scaffolding
[2026-03-19T09:04:50Z] Heartbeat: earth agent active
[2026-03-19T09:05:20Z] Heartbeat: earth agent active
[2026-03-19T09:06:58Z] earth agent starting
[2026-03-19T09:06:58Z] Role: Project Scaffolding
[2026-03-19T09:06:58Z] Heartbeat: earth agent active
[2026-03-19T09:07:56Z] earth agent starting
[2026-03-19T09:07:56Z] Role: Project Scaffolding
[2026-03-19T09:07:57Z] Heartbeat: earth agent active
[2026-03-19T09:08:13Z] earth agent starting
[2026-03-19T09:08:13Z] Role: Project Scaffolding
[2026-03-19T09:08:14Z] Heartbeat: earth agent active
[2026-03-19T09:09:12Z] earth agent starting
[2026-03-19T09:09:12Z] Role: Project Scaffolding
[2026-03-19T09:09:12Z] Heartbeat: earth agent active
[2026-03-19T09:14:11Z] earth agent starting
[2026-03-19T09:14:12Z] Role: Project Scaffolding
[2026-03-19T09:14:13Z] Heartbeat: earth agent active
[2026-03-19T09:14:14Z] earth agent starting
[2026-03-19T09:14:17Z] Role: Project Scaffolding
[2026-03-19T09:14:19Z] Heartbeat: earth agent active
[2026-03-19T09:14:46Z] Heartbeat: earth agent active
[2026-03-19T09:14:52Z] Heartbeat: earth agent active
[2026-03-19T09:15:16Z] Heartbeat: earth agent active
[2026-03-19T09:15:22Z] Heartbeat: earth agent active
[2026-03-19T09:15:47Z] Heartbeat: earth agent active
[2026-03-19T09:15:52Z] Heartbeat: earth agent active
[2026-03-19T09:16:17Z] Heartbeat: earth agent active
[2026-03-19T09:16:23Z] Heartbeat: earth agent active
[2026-03-19T09:16:47Z] Heartbeat: earth agent active
[2026-03-19T09:16:53Z] Heartbeat: earth agent active
[2026-03-19T09:35:19Z] earth agent starting
[2026-03-19T09:35:19Z] Role: Project Scaffolding
[2026-03-19T09:35:19Z] Heartbeat: earth agent active
[2026-03-19T09:36:56Z] earth agent starting
[2026-03-19T09:36:56Z] Role: Project Scaffolding
[2026-03-19T09:36:57Z] Heartbeat: earth agent active
[2026-03-19T09:40:35Z] earth agent starting
[2026-03-19T09:40:35Z] Role: Project Scaffolding
[2026-03-19T09:40:35Z] Heartbeat: earth agent active
[2026-03-19T09:41:05Z] Heartbeat: earth agent active
[2026-03-19T09:51:00Z] earth agent starting
[2026-03-19T09:51:01Z] Role: Project Scaffolding
[2026-03-19T09:51:01Z] Heartbeat: earth agent active
[2026-03-19T09:53:22Z] earth agent starting
[2026-03-19T09:53:22Z] Role: Project Scaffolding
[2026-03-19T09:53:22Z] Heartbeat: earth agent active
[2026-03-19T09:57:22Z] earth agent starting
[2026-03-19T09:57:22Z] Role: Project Scaffolding
[2026-03-19T09:57:22Z] Heartbeat: earth agent active
[2026-03-19T09:57:52Z] Heartbeat: earth agent active
[2026-03-19T23:31:57Z] earth agent starting
[2026-03-19T23:31:58Z] Role: Project Scaffolding
[2026-03-19T23:32:00Z] Heartbeat: earth agent active
[2026-03-19T23:32:01Z] earth agent starting
[2026-03-19T23:32:02Z] Role: Project Scaffolding
[2026-03-19T23:32:03Z] Heartbeat: earth agent active
