[2026-03-19T08:45:45Z] hydra agent starting
[2026-03-19T08:45:45Z] Role: CI/CD Pipelines
[2026-03-19T08:45:46Z] Heartbeat: hydra agent active
[2026-03-19T08:45:46Z] Processing task: Task: Setup CI/CD pipelines
Context: auto-deploy on commit, health checks
Priority: high
Timestamp: 2026-03-07T03:32:28Z
Source: Autonomous Self-Build
Build_ID: autobuild_ee13847bfbcfcdc1
[2026-03-19T08:45:46Z] CI/CD pipeline check complete
[2026-03-19T08:47:56Z] hydra agent starting
[2026-03-19T08:47:57Z] Role: CI/CD Pipelines
[2026-03-19T08:47:57Z] Heartbeat: hydra agent active
[2026-03-19T08:48:27Z] Heartbeat: hydra agent active
[2026-03-19T08:52:47Z] hydra agent starting
[2026-03-19T08:52:47Z] Role: CI/CD Pipelines
[2026-03-19T08:52:48Z] Heartbeat: hydra agent active
[2026-03-19T08:59:01Z] hydra agent starting
[2026-03-19T08:59:01Z] Role: CI/CD Pipelines
[2026-03-19T08:59:02Z] Heartbeat: hydra agent active
[2026-03-19T09:00:19Z] hydra agent starting
[2026-03-19T09:00:19Z] Role: CI/CD Pipelines
[2026-03-19T09:00:19Z] Heartbeat: hydra agent active
[2026-03-19T09:00:24Z] hydra agent starting
[2026-03-19T09:00:25Z] Role: CI/CD Pipelines
[2026-03-19T09:00:25Z] Heartbeat: hydra agent active
[2026-03-19T09:00:26Z] hydra agent starting
[2026-03-19T09:00:26Z] Role: CI/CD Pipelines
[2026-03-19T09:00:26Z] Heartbeat: hydra agent active
[2026-03-19T09:04:49Z] hydra agent starting
[2026-03-19T09:04:49Z] Role: CI/CD Pipelines
[2026-03-19T09:04:50Z] Heartbeat: hydra agent active
[2026-03-19T09:05:20Z] Heartbeat: hydra agent active
[2026-03-19T09:06:57Z] hydra agent starting
[2026-03-19T09:06:58Z] Role: CI/CD Pipelines
[2026-03-19T09:06:58Z] Heartbeat: hydra agent active
[2026-03-19T09:07:57Z] hydra agent starting
[2026-03-19T09:07:57Z] Role: CI/CD Pipelines
[2026-03-19T09:07:57Z] Heartbeat: hydra agent active
[2026-03-19T09:08:13Z] hydra agent starting
[2026-03-19T09:08:14Z] Role: CI/CD Pipelines
[2026-03-19T09:08:14Z] Heartbeat: hydra agent active
[2026-03-19T09:09:12Z] hydra agent starting
[2026-03-19T09:09:12Z] Role: CI/CD Pipelines
[2026-03-19T09:09:12Z] Heartbeat: hydra agent active
[2026-03-19T09:14:11Z] hydra agent starting
[2026-03-19T09:14:13Z] Role: CI/CD Pipelines
[2026-03-19T09:14:15Z] hydra agent starting
[2026-03-19T09:14:17Z] Heartbeat: hydra agent active
[2026-03-19T09:14:17Z] Role: CI/CD Pipelines
[2026-03-19T09:14:20Z] Heartbeat: hydra agent active
[2026-03-19T09:14:50Z] Heartbeat: hydra agent active
[2026-03-19T09:14:52Z] Heartbeat: hydra agent active
[2026-03-19T09:15:20Z] Heartbeat: hydra agent active
[2026-03-19T09:15:22Z] Heartbeat: hydra agent active
[2026-03-19T09:15:50Z] Heartbeat: hydra agent active
[2026-03-19T09:15:52Z] Heartbeat: hydra agent active
[2026-03-19T09:16:20Z] Heartbeat: hydra agent active
[2026-03-19T09:16:22Z] Heartbeat: hydra agent active
[2026-03-19T09:16:50Z] Heartbeat: hydra agent active
[2026-03-19T09:16:53Z] Heartbeat: hydra agent active
[2026-03-19T09:35:18Z] hydra agent starting
[2026-03-19T09:35:19Z] Role: CI/CD Pipelines
[2026-03-19T09:35:19Z] Heartbeat: hydra agent active
[2026-03-19T09:36:56Z] hydra agent starting
[2026-03-19T09:36:56Z] Role: CI/CD Pipelines
[2026-03-19T09:36:57Z] Heartbeat: hydra agent active
[2026-03-19T09:40:35Z] hydra agent starting
[2026-03-19T09:40:36Z] Role: CI/CD Pipelines
[2026-03-19T09:40:36Z] Heartbeat: hydra agent active
[2026-03-19T09:41:06Z] Heartbeat: hydra agent active
[2026-03-19T09:51:00Z] hydra agent starting
[2026-03-19T09:51:01Z] Role: CI/CD Pipelines
[2026-03-19T09:51:01Z] Heartbeat: hydra agent active
[2026-03-19T09:53:22Z] hydra agent starting
[2026-03-19T09:53:23Z] Role: CI/CD Pipelines
[2026-03-19T09:53:23Z] Heartbeat: hydra agent active
[2026-03-19T09:57:22Z] hydra agent starting
[2026-03-19T09:57:22Z] Role: CI/CD Pipelines
[2026-03-19T09:57:22Z] Heartbeat: hydra agent active
[2026-03-19T09:57:53Z] Heartbeat: hydra agent active
[2026-03-19T23:31:57Z] hydra agent starting
[2026-03-19T23:31:57Z] Role: CI/CD Pipelines
[2026-03-19T23:32:00Z] Heartbeat: hydra agent active
[2026-03-19T23:32:01Z] hydra agent starting
[2026-03-19T23:32:02Z] Role: CI/CD Pipelines
[2026-03-19T23:32:03Z] Heartbeat: hydra agent active
