[2026-03-19T08:45:45Z] jupiter agent starting
[2026-03-19T08:45:45Z] Role: Documentation Generation
[2026-03-19T08:45:45Z] Heartbeat: jupiter agent active
[2026-03-19T08:45:46Z] Processing task: Task: Generate system-specific API endpoints
Context: health, data, status endpoints
Priority: high
Timestamp: 2026-03-07T03:27:24Z
Source: Autonomous Self-Build
Build_ID: autobuild_ee13847bfbcfcdc1
[2026-03-19T08:47:56Z] jupiter agent starting
[2026-03-19T08:47:57Z] Role: Documentation Generation
[2026-03-19T08:47:57Z] Heartbeat: jupiter agent active
[2026-03-19T08:48:27Z] Heartbeat: jupiter agent active
[2026-03-19T08:52:47Z] jupiter agent starting
[2026-03-19T08:52:47Z] Role: Documentation Generation
[2026-03-19T08:52:48Z] Heartbeat: jupiter agent active
[2026-03-19T08:59:01Z] jupiter agent starting
[2026-03-19T08:59:01Z] Role: Documentation Generation
[2026-03-19T08:59:02Z] Heartbeat: jupiter agent active
[2026-03-19T09:00:19Z] jupiter agent starting
[2026-03-19T09:00:19Z] Role: Documentation Generation
[2026-03-19T09:00:19Z] Heartbeat: jupiter agent active
[2026-03-19T09:00:24Z] jupiter agent starting
[2026-03-19T09:00:24Z] Role: Documentation Generation
[2026-03-19T09:00:24Z] Heartbeat: jupiter agent active
[2026-03-19T09:00:26Z] jupiter agent starting
[2026-03-19T09:00:26Z] Role: Documentation Generation
[2026-03-19T09:00:27Z] Heartbeat: jupiter agent active
[2026-03-19T09:04:49Z] jupiter agent starting
[2026-03-19T09:04:49Z] Role: Documentation Generation
[2026-03-19T09:04:50Z] Heartbeat: jupiter agent active
[2026-03-19T09:05:20Z] Heartbeat: jupiter agent active
[2026-03-19T09:06:58Z] jupiter agent starting
[2026-03-19T09:06:58Z] Role: Documentation Generation
[2026-03-19T09:06:58Z] Heartbeat: jupiter agent active
[2026-03-19T09:07:57Z] jupiter agent starting
[2026-03-19T09:07:57Z] Role: Documentation Generation
[2026-03-19T09:07:57Z] Heartbeat: jupiter agent active
[2026-03-19T09:08:13Z] jupiter agent starting
[2026-03-19T09:08:13Z] Role: Documentation Generation
[2026-03-19T09:08:14Z] Heartbeat: jupiter agent active
[2026-03-19T09:09:12Z] jupiter agent starting
[2026-03-19T09:09:12Z] Role: Documentation Generation
[2026-03-19T09:09:13Z] Heartbeat: jupiter agent active
[2026-03-19T09:14:11Z] jupiter agent starting
[2026-03-19T09:14:13Z] Role: Documentation Generation
[2026-03-19T09:14:15Z] jupiter agent starting
[2026-03-19T09:14:16Z] Heartbeat: jupiter agent active
[2026-03-19T09:14:17Z] Role: Documentation Generation
[2026-03-19T09:14:19Z] Heartbeat: jupiter agent active
[2026-03-19T09:14:49Z] Heartbeat: jupiter agent active
[2026-03-19T09:14:52Z] Heartbeat: jupiter agent active
[2026-03-19T09:15:19Z] Heartbeat: jupiter agent active
[2026-03-19T09:15:22Z] Heartbeat: jupiter agent active
[2026-03-19T09:15:49Z] Heartbeat: jupiter agent active
[2026-03-19T09:15:52Z] Heartbeat: jupiter agent active
[2026-03-19T09:16:19Z] Heartbeat: jupiter agent active
[2026-03-19T09:16:22Z] Heartbeat: jupiter agent active
[2026-03-19T09:16:49Z] Heartbeat: jupiter agent active
[2026-03-19T09:16:52Z] Heartbeat: jupiter agent active
[2026-03-19T09:35:19Z] jupiter agent starting
[2026-03-19T09:35:19Z] Role: Documentation Generation
[2026-03-19T09:35:19Z] Heartbeat: jupiter agent active
[2026-03-19T09:36:56Z] jupiter agent starting
[2026-03-19T09:36:56Z] Role: Documentation Generation
[2026-03-19T09:36:57Z] Heartbeat: jupiter agent active
[2026-03-19T09:40:35Z] jupiter agent starting
[2026-03-19T09:40:36Z] Role: Documentation Generation
[2026-03-19T09:40:36Z] Heartbeat: jupiter agent active
[2026-03-19T09:41:06Z] Heartbeat: jupiter agent active
[2026-03-19T09:51:00Z] jupiter agent starting
[2026-03-19T09:51:01Z] Role: Documentation Generation
[2026-03-19T09:51:01Z] Heartbeat: jupiter agent active
[2026-03-19T09:53:22Z] jupiter agent starting
[2026-03-19T09:53:23Z] Role: Documentation Generation
[2026-03-19T09:53:23Z] Heartbeat: jupiter agent active
[2026-03-19T09:57:22Z] jupiter agent starting
[2026-03-19T09:57:22Z] Role: Documentation Generation
[2026-03-19T09:57:22Z] Heartbeat: jupiter agent active
[2026-03-19T09:57:53Z] Heartbeat: jupiter agent active
[2026-03-19T23:31:56Z] jupiter agent starting
[2026-03-19T23:31:56Z] Role: Documentation Generation
[2026-03-19T23:31:58Z] Heartbeat: jupiter agent active
[2026-03-19T23:32:00Z] jupiter agent starting
[2026-03-19T23:32:01Z] Role: Documentation Generation
[2026-03-19T23:32:03Z] Heartbeat: jupiter agent active
