[2026-03-19T08:45:45Z] mars agent starting
[2026-03-19T08:45:45Z] Role: Security Scanning
[2026-03-19T08:45:46Z] Heartbeat: mars agent active
[2026-03-19T08:45:46Z] Processing task: Task: Implement security layer
Context: OAuth: GitHub + Vercel, Biometric: FacePrintPay
Priority: high
Timestamp: 2026-03-07T03:23:21Z
Source: Autonomous Self-Build
Build_ID: autobuild_ee13847bfbcfcdc1
[2026-03-19T08:45:46Z] Security scan complete
[2026-03-19T08:47:56Z] mars agent starting
[2026-03-19T08:47:56Z] Role: Security Scanning
[2026-03-19T08:47:56Z] Heartbeat: mars agent active
[2026-03-19T08:48:27Z] Heartbeat: mars agent active
[2026-03-19T08:52:47Z] mars agent starting
[2026-03-19T08:52:47Z] Role: Security Scanning
[2026-03-19T08:52:48Z] Heartbeat: mars agent active
[2026-03-19T08:59:01Z] mars agent starting
[2026-03-19T08:59:01Z] Role: Security Scanning
[2026-03-19T08:59:02Z] Heartbeat: mars agent active
[2026-03-19T09:00:19Z] mars agent starting
[2026-03-19T09:00:19Z] Role: Security Scanning
[2026-03-19T09:00:20Z] Heartbeat: mars agent active
[2026-03-19T09:00:24Z] mars agent starting
[2026-03-19T09:00:25Z] Role: Security Scanning
[2026-03-19T09:00:25Z] Heartbeat: mars agent active
[2026-03-19T09:00:26Z] mars agent starting
[2026-03-19T09:00:26Z] Role: Security Scanning
[2026-03-19T09:00:26Z] Heartbeat: mars agent active
[2026-03-19T09:04:49Z] mars agent starting
[2026-03-19T09:04:49Z] Role: Security Scanning
[2026-03-19T09:04:50Z] Heartbeat: mars agent active
[2026-03-19T09:05:20Z] Heartbeat: mars agent active
[2026-03-19T09:06:58Z] mars agent starting
[2026-03-19T09:06:58Z] Role: Security Scanning
[2026-03-19T09:06:58Z] Heartbeat: mars agent active
[2026-03-19T09:07:56Z] mars agent starting
[2026-03-19T09:07:57Z] Role: Security Scanning
[2026-03-19T09:07:57Z] Heartbeat: mars agent active
[2026-03-19T09:08:13Z] mars agent starting
[2026-03-19T09:08:13Z] Role: Security Scanning
[2026-03-19T09:08:14Z] Heartbeat: mars agent active
[2026-03-19T09:09:12Z] mars agent starting
[2026-03-19T09:09:12Z] Role: Security Scanning
[2026-03-19T09:09:13Z] Heartbeat: mars agent active
[2026-03-19T09:14:12Z] mars agent starting
[2026-03-19T09:14:13Z] Role: Security Scanning
[2026-03-19T09:14:16Z] mars agent starting
[2026-03-19T09:14:17Z] Heartbeat: mars agent active
[2026-03-19T09:14:17Z] Role: Security Scanning
[2026-03-19T09:14:20Z] Heartbeat: mars agent active
[2026-03-19T09:14:50Z] Heartbeat: mars agent active
[2026-03-19T09:14:52Z] Heartbeat: mars agent active
[2026-03-19T09:15:20Z] Heartbeat: mars agent active
[2026-03-19T09:15:22Z] Heartbeat: mars agent active
[2026-03-19T09:15:50Z] Heartbeat: mars agent active
[2026-03-19T09:15:52Z] Heartbeat: mars agent active
[2026-03-19T09:16:20Z] Heartbeat: mars agent active
[2026-03-19T09:16:22Z] Heartbeat: mars agent active
[2026-03-19T09:16:50Z] Heartbeat: mars agent active
[2026-03-19T09:16:53Z] Heartbeat: mars agent active
[2026-03-19T09:35:19Z] mars agent starting
[2026-03-19T09:35:19Z] Role: Security Scanning
[2026-03-19T09:35:19Z] Heartbeat: mars agent active
[2026-03-19T09:36:56Z] mars agent starting
[2026-03-19T09:36:56Z] Role: Security Scanning
[2026-03-19T09:36:57Z] Heartbeat: mars agent active
[2026-03-19T09:40:35Z] mars agent starting
[2026-03-19T09:40:35Z] Role: Security Scanning
[2026-03-19T09:40:36Z] Heartbeat: mars agent active
[2026-03-19T09:41:06Z] Heartbeat: mars agent active
[2026-03-19T09:51:00Z] mars agent starting
[2026-03-19T09:51:01Z] Role: Security Scanning
[2026-03-19T09:51:01Z] Heartbeat: mars agent active
[2026-03-19T09:53:22Z] mars agent starting
[2026-03-19T09:53:23Z] Role: Security Scanning
[2026-03-19T09:53:23Z] Heartbeat: mars agent active
[2026-03-19T09:57:22Z] mars agent starting
[2026-03-19T09:57:22Z] Role: Security Scanning
[2026-03-19T09:57:22Z] Heartbeat: mars agent active
[2026-03-19T09:57:53Z] Heartbeat: mars agent active
[2026-03-19T23:31:57Z] mars agent starting
[2026-03-19T23:31:57Z] Role: Security Scanning
[2026-03-19T23:31:59Z] Heartbeat: mars agent active
[2026-03-19T23:32:01Z] mars agent starting
[2026-03-19T23:32:02Z] Role: Security Scanning
[2026-03-19T23:32:03Z] Heartbeat: mars agent active
