[2026-03-19T08:45:45Z] mercury agent starting
[2026-03-19T08:45:45Z] Role: Unit Test Generation
[2026-03-19T08:45:46Z] Heartbeat: mercury agent active
[2026-03-19T08:45:46Z] Processing task: Task: Generate system-specific API endpoints
Context: health, data, status endpoints
Priority: high
Timestamp: 2026-03-07T03:25:22Z
Source: Autonomous Self-Build
Build_ID: autobuild_ee13847bfbcfcdc1
[2026-03-19T08:47:56Z] mercury agent starting
[2026-03-19T08:47:56Z] Role: Unit Test Generation
[2026-03-19T08:47:57Z] Heartbeat: mercury agent active
[2026-03-19T08:48:27Z] Heartbeat: mercury agent active
[2026-03-19T08:52:47Z] mercury agent starting
[2026-03-19T08:52:47Z] Role: Unit Test Generation
[2026-03-19T08:52:48Z] Heartbeat: mercury agent active
[2026-03-19T08:59:01Z] mercury agent starting
[2026-03-19T08:59:01Z] Role: Unit Test Generation
[2026-03-19T08:59:02Z] Heartbeat: mercury agent active
[2026-03-19T09:00:19Z] mercury agent starting
[2026-03-19T09:00:19Z] Role: Unit Test Generation
[2026-03-19T09:00:20Z] Heartbeat: mercury agent active
[2026-03-19T09:00:24Z] mercury agent starting
[2026-03-19T09:00:24Z] Role: Unit Test Generation
[2026-03-19T09:00:24Z] Heartbeat: mercury agent active
[2026-03-19T09:00:26Z] mercury agent starting
[2026-03-19T09:00:26Z] Role: Unit Test Generation
[2026-03-19T09:00:27Z] Heartbeat: mercury agent active
[2026-03-19T09:04:49Z] mercury agent starting
[2026-03-19T09:04:49Z] Role: Unit Test Generation
[2026-03-19T09:04:50Z] Heartbeat: mercury agent active
[2026-03-19T09:05:20Z] Heartbeat: mercury agent active
[2026-03-19T09:06:58Z] mercury agent starting
[2026-03-19T09:06:58Z] Role: Unit Test Generation
[2026-03-19T09:06:58Z] Heartbeat: mercury agent active
[2026-03-19T09:07:57Z] mercury agent starting
[2026-03-19T09:07:57Z] Role: Unit Test Generation
[2026-03-19T09:07:57Z] Heartbeat: mercury agent active
[2026-03-19T09:08:13Z] mercury agent starting
[2026-03-19T09:08:14Z] Role: Unit Test Generation
[2026-03-19T09:08:14Z] Heartbeat: mercury agent active
[2026-03-19T09:09:12Z] mercury agent starting
[2026-03-19T09:09:12Z] Role: Unit Test Generation
[2026-03-19T09:09:13Z] Heartbeat: mercury agent active
[2026-03-19T09:14:10Z] mercury agent starting
[2026-03-19T09:14:12Z] Role: Unit Test Generation
[2026-03-19T09:14:15Z] Heartbeat: mercury agent active
[2026-03-19T09:14:15Z] mercury agent starting
[2026-03-19T09:14:18Z] Role: Unit Test Generation
[2026-03-19T09:14:20Z] Heartbeat: mercury agent active
[2026-03-19T09:14:46Z] Heartbeat: mercury agent active
[2026-03-19T09:14:52Z] Heartbeat: mercury agent active
[2026-03-19T09:15:16Z] Heartbeat: mercury agent active
[2026-03-19T09:15:22Z] Heartbeat: mercury agent active
[2026-03-19T09:15:47Z] Heartbeat: mercury agent active
[2026-03-19T09:15:52Z] Heartbeat: mercury agent active
[2026-03-19T09:16:17Z] Heartbeat: mercury agent active
[2026-03-19T09:16:23Z] Heartbeat: mercury agent active
[2026-03-19T09:16:47Z] Heartbeat: mercury agent active
[2026-03-19T09:16:53Z] Heartbeat: mercury agent active
[2026-03-19T09:35:19Z] mercury agent starting
[2026-03-19T09:35:19Z] Role: Unit Test Generation
[2026-03-19T09:35:20Z] Heartbeat: mercury agent active
[2026-03-19T09:36:56Z] mercury agent starting
[2026-03-19T09:36:56Z] Role: Unit Test Generation
[2026-03-19T09:36:57Z] Heartbeat: mercury agent active
[2026-03-19T09:40:35Z] mercury agent starting
[2026-03-19T09:40:35Z] Role: Unit Test Generation
[2026-03-19T09:40:36Z] Heartbeat: mercury agent active
[2026-03-19T09:41:06Z] Heartbeat: mercury agent active
[2026-03-19T09:51:00Z] mercury agent starting
[2026-03-19T09:51:01Z] Role: Unit Test Generation
[2026-03-19T09:51:01Z] Heartbeat: mercury agent active
[2026-03-19T09:53:22Z] mercury agent starting
[2026-03-19T09:53:22Z] Role: Unit Test Generation
[2026-03-19T09:53:23Z] Heartbeat: mercury agent active
[2026-03-19T09:57:22Z] mercury agent starting
[2026-03-19T09:57:22Z] Role: Unit Test Generation
[2026-03-19T09:57:22Z] Heartbeat: mercury agent active
[2026-03-19T09:57:53Z] Heartbeat: mercury agent active
[2026-03-19T23:31:57Z] mercury agent starting
[2026-03-19T23:31:58Z] Role: Unit Test Generation
[2026-03-19T23:31:59Z] Heartbeat: mercury agent active
[2026-03-19T23:32:01Z] mercury agent starting
[2026-03-19T23:32:02Z] Role: Unit Test Generation
[2026-03-19T23:32:03Z] Heartbeat: mercury agent active
