[2026-03-19T08:45:45Z] orion agent starting
[2026-03-19T08:45:45Z] Role: UI/UX Optimization
[2026-03-19T08:45:45Z] Heartbeat: orion agent active
[2026-03-19T08:45:46Z] Processing task: Task: Optimize sub-pages for mobile + SEO
Context: requirements: responsive design, meta tags, schema.org markup, fast load (<2s), accessibility AA compliant
Priority: critical
Timestamp: 2026-03-07T04:48:46Z
Source: Autonomous Infrastructure Build
Build_ID: infra_f9255027622d1e43
[2026-03-19T08:47:56Z] orion agent starting
[2026-03-19T08:47:57Z] Role: UI/UX Optimization
[2026-03-19T08:47:57Z] Heartbeat: orion agent active
[2026-03-19T08:48:27Z] Heartbeat: orion agent active
[2026-03-19T08:52:47Z] orion agent starting
[2026-03-19T08:52:47Z] Role: UI/UX Optimization
[2026-03-19T08:52:48Z] Heartbeat: orion agent active
[2026-03-19T08:59:01Z] orion agent starting
[2026-03-19T08:59:02Z] Role: UI/UX Optimization
[2026-03-19T08:59:02Z] Heartbeat: orion agent active
[2026-03-19T09:00:19Z] orion agent starting
[2026-03-19T09:00:19Z] Role: UI/UX Optimization
[2026-03-19T09:00:19Z] Heartbeat: orion agent active
[2026-03-19T09:00:24Z] orion agent starting
[2026-03-19T09:00:24Z] Role: UI/UX Optimization
[2026-03-19T09:00:25Z] Heartbeat: orion agent active
[2026-03-19T09:00:27Z] orion agent starting
[2026-03-19T09:00:27Z] Role: UI/UX Optimization
[2026-03-19T09:00:27Z] Heartbeat: orion agent active
[2026-03-19T09:04:49Z] orion agent starting
[2026-03-19T09:04:49Z] Role: UI/UX Optimization
[2026-03-19T09:04:50Z] Heartbeat: orion agent active
[2026-03-19T09:05:20Z] Heartbeat: orion agent active
[2026-03-19T09:06:58Z] orion agent starting
[2026-03-19T09:06:58Z] Role: UI/UX Optimization
[2026-03-19T09:06:58Z] Heartbeat: orion agent active
[2026-03-19T09:07:56Z] orion agent starting
[2026-03-19T09:07:57Z] Role: UI/UX Optimization
[2026-03-19T09:07:57Z] Heartbeat: orion agent active
[2026-03-19T09:08:13Z] orion agent starting
[2026-03-19T09:08:13Z] Role: UI/UX Optimization
[2026-03-19T09:08:14Z] Heartbeat: orion agent active
[2026-03-19T09:09:12Z] orion agent starting
[2026-03-19T09:09:12Z] Role: UI/UX Optimization
[2026-03-19T09:09:12Z] Heartbeat: orion agent active
[2026-03-19T09:14:13Z] orion agent starting
[2026-03-19T09:14:15Z] Role: UI/UX Optimization
[2026-03-19T09:14:17Z] orion agent starting
[2026-03-19T09:14:18Z] Heartbeat: orion agent active
[2026-03-19T09:14:19Z] Role: UI/UX Optimization
[2026-03-19T09:14:21Z] Heartbeat: orion agent active
[2026-03-19T09:14:50Z] Heartbeat: orion agent active
[2026-03-19T09:14:52Z] Heartbeat: orion agent active
[2026-03-19T09:15:21Z] Heartbeat: orion agent active
[2026-03-19T09:15:22Z] Heartbeat: orion agent active
[2026-03-19T09:15:51Z] Heartbeat: orion agent active
[2026-03-19T09:15:53Z] Heartbeat: orion agent active
[2026-03-19T09:16:21Z] Heartbeat: orion agent active
[2026-03-19T09:16:23Z] Heartbeat: orion agent active
[2026-03-19T09:16:51Z] Heartbeat: orion agent active
[2026-03-19T09:16:53Z] Heartbeat: orion agent active
[2026-03-19T09:35:19Z] orion agent starting
[2026-03-19T09:35:19Z] Role: UI/UX Optimization
[2026-03-19T09:35:19Z] Heartbeat: orion agent active
[2026-03-19T09:36:56Z] orion agent starting
[2026-03-19T09:36:56Z] Role: UI/UX Optimization
[2026-03-19T09:36:57Z] Heartbeat: orion agent active
[2026-03-19T09:40:35Z] orion agent starting
[2026-03-19T09:40:35Z] Role: UI/UX Optimization
[2026-03-19T09:40:35Z] Heartbeat: orion agent active
[2026-03-19T09:41:06Z] Heartbeat: orion agent active
[2026-03-19T09:51:01Z] orion agent starting
[2026-03-19T09:51:01Z] Role: UI/UX Optimization
[2026-03-19T09:51:01Z] Heartbeat: orion agent active
[2026-03-19T09:53:22Z] orion agent starting
[2026-03-19T09:53:23Z] Role: UI/UX Optimization
[2026-03-19T09:53:23Z] Heartbeat: orion agent active
[2026-03-19T09:57:22Z] orion agent starting
[2026-03-19T09:57:22Z] Role: UI/UX Optimization
[2026-03-19T09:57:22Z] Heartbeat: orion agent active
[2026-03-19T09:57:52Z] Heartbeat: orion agent active
[2026-03-19T23:31:56Z] orion agent starting
[2026-03-19T23:31:57Z] Role: UI/UX Optimization
[2026-03-19T23:31:59Z] Heartbeat: orion agent active
[2026-03-19T23:32:01Z] orion agent starting
[2026-03-19T23:32:01Z] Role: UI/UX Optimization
[2026-03-19T23:32:03Z] Heartbeat: orion agent active
