[2026-03-19T08:45:45Z] pleiades agent starting
[2026-03-19T08:45:45Z] Role: Environment Setup
[2026-03-19T08:45:45Z] Heartbeat: pleiades agent active
[2026-03-19T08:45:46Z] Processing task: Task: Validate redirect logic and test edge cases
Context: check: circular redirects, SSL compatibility, mobile detection, SEO 301 vs 302; output: redirect_validation_report.md
Priority: critical
Timestamp: 2026-03-07T04:45:14Z
Source: Autonomous Infrastructure Build
Build_ID: infra_f9255027622d1e43
[2026-03-19T08:47:56Z] pleiades agent starting
[2026-03-19T08:47:57Z] Role: Environment Setup
[2026-03-19T08:47:57Z] Heartbeat: pleiades agent active
[2026-03-19T08:48:27Z] Heartbeat: pleiades agent active
[2026-03-19T08:52:47Z] pleiades agent starting
[2026-03-19T08:52:47Z] Role: Environment Setup
[2026-03-19T08:52:48Z] Heartbeat: pleiades agent active
[2026-03-19T08:59:01Z] pleiades agent starting
[2026-03-19T08:59:02Z] Role: Environment Setup
[2026-03-19T08:59:02Z] Heartbeat: pleiades agent active
[2026-03-19T09:00:19Z] pleiades agent starting
[2026-03-19T09:00:19Z] Role: Environment Setup
[2026-03-19T09:00:20Z] Heartbeat: pleiades agent active
[2026-03-19T09:00:24Z] pleiades agent starting
[2026-03-19T09:00:24Z] Role: Environment Setup
[2026-03-19T09:00:25Z] Heartbeat: pleiades agent active
[2026-03-19T09:00:26Z] pleiades agent starting
[2026-03-19T09:00:27Z] Role: Environment Setup
[2026-03-19T09:00:27Z] Heartbeat: pleiades agent active
[2026-03-19T09:04:49Z] pleiades agent starting
[2026-03-19T09:04:49Z] Role: Environment Setup
[2026-03-19T09:04:50Z] Heartbeat: pleiades agent active
[2026-03-19T09:05:20Z] Heartbeat: pleiades agent active
[2026-03-19T09:06:58Z] pleiades agent starting
[2026-03-19T09:06:58Z] Role: Environment Setup
[2026-03-19T09:06:58Z] Heartbeat: pleiades agent active
[2026-03-19T09:07:56Z] pleiades agent starting
[2026-03-19T09:07:57Z] Role: Environment Setup
[2026-03-19T09:07:57Z] Heartbeat: pleiades agent active
[2026-03-19T09:08:13Z] pleiades agent starting
[2026-03-19T09:08:13Z] Role: Environment Setup
[2026-03-19T09:08:14Z] Heartbeat: pleiades agent active
[2026-03-19T09:09:12Z] pleiades agent starting
[2026-03-19T09:09:12Z] Role: Environment Setup
[2026-03-19T09:09:13Z] Heartbeat: pleiades agent active
[2026-03-19T09:14:11Z] pleiades agent starting
[2026-03-19T09:14:13Z] Role: Environment Setup
[2026-03-19T09:14:14Z] pleiades agent starting
[2026-03-19T09:14:15Z] Heartbeat: pleiades agent active
[2026-03-19T09:14:16Z] Role: Environment Setup
[2026-03-19T09:14:19Z] Heartbeat: pleiades agent active
[2026-03-19T09:14:48Z] Heartbeat: pleiades agent active
[2026-03-19T09:14:51Z] Heartbeat: pleiades agent active
[2026-03-19T09:15:19Z] Heartbeat: pleiades agent active
[2026-03-19T09:15:22Z] Heartbeat: pleiades agent active
[2026-03-19T09:15:49Z] Heartbeat: pleiades agent active
[2026-03-19T09:15:52Z] Heartbeat: pleiades agent active
[2026-03-19T09:16:19Z] Heartbeat: pleiades agent active
[2026-03-19T09:16:22Z] Heartbeat: pleiades agent active
[2026-03-19T09:16:49Z] Heartbeat: pleiades agent active
[2026-03-19T09:16:52Z] Heartbeat: pleiades agent active
[2026-03-19T09:35:19Z] pleiades agent starting
[2026-03-19T09:35:19Z] Role: Environment Setup
[2026-03-19T09:35:19Z] Heartbeat: pleiades agent active
[2026-03-19T09:36:56Z] pleiades agent starting
[2026-03-19T09:36:56Z] Role: Environment Setup
[2026-03-19T09:36:57Z] Heartbeat: pleiades agent active
[2026-03-19T09:40:35Z] pleiades agent starting
[2026-03-19T09:40:36Z] Role: Environment Setup
[2026-03-19T09:40:36Z] Heartbeat: pleiades agent active
[2026-03-19T09:41:06Z] Heartbeat: pleiades agent active
[2026-03-19T09:51:01Z] pleiades agent starting
[2026-03-19T09:51:01Z] Role: Environment Setup
[2026-03-19T09:51:01Z] Heartbeat: pleiades agent active
[2026-03-19T09:53:22Z] pleiades agent starting
[2026-03-19T09:53:23Z] Role: Environment Setup
[2026-03-19T09:53:23Z] Heartbeat: pleiades agent active
[2026-03-19T09:57:21Z] pleiades agent starting
[2026-03-19T09:57:22Z] Role: Environment Setup
[2026-03-19T09:57:22Z] Heartbeat: pleiades agent active
[2026-03-19T09:57:52Z] Heartbeat: pleiades agent active
[2026-03-19T23:31:57Z] pleiades agent starting
[2026-03-19T23:31:57Z] Role: Environment Setup
[2026-03-19T23:31:58Z] Heartbeat: pleiades agent active
[2026-03-19T23:32:00Z] pleiades agent starting
[2026-03-19T23:32:01Z] Role: Environment Setup
[2026-03-19T23:32:02Z] Heartbeat: pleiades agent active
