[2026-03-19T08:45:45Z] rigel agent starting
[2026-03-19T08:45:45Z] Role: Realtime Systems
[2026-03-19T08:45:46Z] Heartbeat: rigel agent active
[2026-03-19T08:45:46Z] Processing task: Task: Execute self-test of deployed ecosystem
Context: tests: health, agents, workflows
Priority: high
Timestamp: 2026-03-07T03:34:30Z
Source: Autonomous Self-Build
Build_ID: autobuild_ee13847bfbcfcdc1
[2026-03-19T08:47:56Z] rigel agent starting
[2026-03-19T08:47:57Z] Role: Realtime Systems
[2026-03-19T08:47:57Z] Heartbeat: rigel agent active
[2026-03-19T08:48:27Z] Heartbeat: rigel agent active
[2026-03-19T08:52:47Z] rigel agent starting
[2026-03-19T08:52:47Z] Role: Realtime Systems
[2026-03-19T08:52:48Z] Heartbeat: rigel agent active
[2026-03-19T08:59:01Z] rigel agent starting
[2026-03-19T08:59:02Z] Role: Realtime Systems
[2026-03-19T08:59:02Z] Heartbeat: rigel agent active
[2026-03-19T09:00:19Z] rigel agent starting
[2026-03-19T09:00:19Z] Role: Realtime Systems
[2026-03-19T09:00:19Z] Heartbeat: rigel agent active
[2026-03-19T09:00:24Z] rigel agent starting
[2026-03-19T09:00:24Z] Role: Realtime Systems
[2026-03-19T09:00:25Z] Heartbeat: rigel agent active
[2026-03-19T09:00:27Z] rigel agent starting
[2026-03-19T09:00:27Z] Role: Realtime Systems
[2026-03-19T09:00:27Z] Heartbeat: rigel agent active
[2026-03-19T09:04:49Z] rigel agent starting
[2026-03-19T09:04:49Z] Role: Realtime Systems
[2026-03-19T09:04:50Z] Heartbeat: rigel agent active
[2026-03-19T09:05:20Z] Heartbeat: rigel agent active
[2026-03-19T09:06:58Z] rigel agent starting
[2026-03-19T09:06:58Z] Role: Realtime Systems
[2026-03-19T09:06:58Z] Heartbeat: rigel agent active
[2026-03-19T09:07:57Z] rigel agent starting
[2026-03-19T09:07:57Z] Role: Realtime Systems
[2026-03-19T09:07:57Z] Heartbeat: rigel agent active
[2026-03-19T09:08:13Z] rigel agent starting
[2026-03-19T09:08:13Z] Role: Realtime Systems
[2026-03-19T09:08:14Z] Heartbeat: rigel agent active
[2026-03-19T09:09:12Z] rigel agent starting
[2026-03-19T09:09:12Z] Role: Realtime Systems
[2026-03-19T09:09:13Z] Heartbeat: rigel agent active
[2026-03-19T09:14:11Z] rigel agent starting
[2026-03-19T09:14:13Z] Role: Realtime Systems
[2026-03-19T09:14:17Z] rigel agent starting
[2026-03-19T09:14:17Z] Heartbeat: rigel agent active
[2026-03-19T09:14:18Z] Role: Realtime Systems
[2026-03-19T09:14:20Z] Heartbeat: rigel agent active
[2026-03-19T09:14:49Z] Heartbeat: rigel agent active
[2026-03-19T09:14:52Z] Heartbeat: rigel agent active
[2026-03-19T09:15:19Z] Heartbeat: rigel agent active
[2026-03-19T09:15:22Z] Heartbeat: rigel agent active
[2026-03-19T09:15:50Z] Heartbeat: rigel agent active
[2026-03-19T09:15:53Z] Heartbeat: rigel agent active
[2026-03-19T09:16:20Z] Heartbeat: rigel agent active
[2026-03-19T09:16:23Z] Heartbeat: rigel agent active
[2026-03-19T09:16:50Z] Heartbeat: rigel agent active
[2026-03-19T09:16:53Z] Heartbeat: rigel agent active
[2026-03-19T09:35:19Z] rigel agent starting
[2026-03-19T09:35:19Z] Role: Realtime Systems
[2026-03-19T09:35:19Z] Heartbeat: rigel agent active
[2026-03-19T09:36:56Z] rigel agent starting
[2026-03-19T09:36:56Z] Role: Realtime Systems
[2026-03-19T09:36:57Z] Heartbeat: rigel agent active
[2026-03-19T09:40:35Z] rigel agent starting
[2026-03-19T09:40:36Z] Role: Realtime Systems
[2026-03-19T09:40:36Z] Heartbeat: rigel agent active
[2026-03-19T09:41:06Z] Heartbeat: rigel agent active
[2026-03-19T09:51:01Z] rigel agent starting
[2026-03-19T09:51:01Z] Role: Realtime Systems
[2026-03-19T09:51:01Z] Heartbeat: rigel agent active
[2026-03-19T09:53:22Z] rigel agent starting
[2026-03-19T09:53:23Z] Role: Realtime Systems
[2026-03-19T09:53:23Z] Heartbeat: rigel agent active
[2026-03-19T09:57:22Z] rigel agent starting
[2026-03-19T09:57:22Z] Role: Realtime Systems
[2026-03-19T09:57:22Z] Heartbeat: rigel agent active
[2026-03-19T09:57:52Z] Heartbeat: rigel agent active
[2026-03-19T23:31:58Z] rigel agent starting
[2026-03-19T23:31:58Z] Role: Realtime Systems
[2026-03-19T23:31:59Z] Heartbeat: rigel agent active
[2026-03-19T23:32:01Z] rigel agent starting
[2026-03-19T23:32:01Z] Role: Realtime Systems
[2026-03-19T23:32:03Z] Heartbeat: rigel agent active
