[2026-03-19T08:45:45Z] saturn agent starting
[2026-03-19T08:45:45Z] Role: Code Refactoring
[2026-03-19T08:45:45Z] Heartbeat: saturn agent active
[2026-03-19T08:45:46Z] Processing task: Task: Generate system-specific API endpoints
Context: health, data, status endpoints
Priority: high
Timestamp: 2026-03-07T03:28:25Z
Source: Autonomous Self-Build
Build_ID: autobuild_ee13847bfbcfcdc1
[2026-03-19T08:47:56Z] saturn agent starting
[2026-03-19T08:47:57Z] Role: Code Refactoring
[2026-03-19T08:47:57Z] Heartbeat: saturn agent active
[2026-03-19T08:48:27Z] Heartbeat: saturn agent active
[2026-03-19T08:52:47Z] saturn agent starting
[2026-03-19T08:52:47Z] Role: Code Refactoring
[2026-03-19T08:52:48Z] Heartbeat: saturn agent active
[2026-03-19T08:59:01Z] saturn agent starting
[2026-03-19T08:59:02Z] Role: Code Refactoring
[2026-03-19T08:59:02Z] Heartbeat: saturn agent active
[2026-03-19T09:00:19Z] saturn agent starting
[2026-03-19T09:00:19Z] Role: Code Refactoring
[2026-03-19T09:00:20Z] Heartbeat: saturn agent active
[2026-03-19T09:00:24Z] saturn agent starting
[2026-03-19T09:00:25Z] Role: Code Refactoring
[2026-03-19T09:00:25Z] Heartbeat: saturn agent active
[2026-03-19T09:00:27Z] saturn agent starting
[2026-03-19T09:00:27Z] Role: Code Refactoring
[2026-03-19T09:00:27Z] Heartbeat: saturn agent active
[2026-03-19T09:04:49Z] saturn agent starting
[2026-03-19T09:04:50Z] Role: Code Refactoring
[2026-03-19T09:04:50Z] Heartbeat: saturn agent active
[2026-03-19T09:05:20Z] Heartbeat: saturn agent active
[2026-03-19T09:06:58Z] saturn agent starting
[2026-03-19T09:06:58Z] Role: Code Refactoring
[2026-03-19T09:06:58Z] Heartbeat: saturn agent active
[2026-03-19T09:07:57Z] saturn agent starting
[2026-03-19T09:07:57Z] Role: Code Refactoring
[2026-03-19T09:07:57Z] Heartbeat: saturn agent active
[2026-03-19T09:08:13Z] saturn agent starting
[2026-03-19T09:08:13Z] Role: Code Refactoring
[2026-03-19T09:08:14Z] Heartbeat: saturn agent active
[2026-03-19T09:09:12Z] saturn agent starting
[2026-03-19T09:09:12Z] Role: Code Refactoring
[2026-03-19T09:09:12Z] Heartbeat: saturn agent active
[2026-03-19T09:14:12Z] saturn agent starting
[2026-03-19T09:14:15Z] Role: Code Refactoring
[2026-03-19T09:14:17Z] saturn agent starting
[2026-03-19T09:14:18Z] Heartbeat: saturn agent active
[2026-03-19T09:14:19Z] Role: Code Refactoring
[2026-03-19T09:14:21Z] Heartbeat: saturn agent active
[2026-03-19T09:14:50Z] Heartbeat: saturn agent active
[2026-03-19T09:14:52Z] Heartbeat: saturn agent active
[2026-03-19T09:15:21Z] Heartbeat: saturn agent active
[2026-03-19T09:15:23Z] Heartbeat: saturn agent active
[2026-03-19T09:15:51Z] Heartbeat: saturn agent active
[2026-03-19T09:15:53Z] Heartbeat: saturn agent active
[2026-03-19T09:16:21Z] Heartbeat: saturn agent active
[2026-03-19T09:16:23Z] Heartbeat: saturn agent active
[2026-03-19T09:16:51Z] Heartbeat: saturn agent active
[2026-03-19T09:16:53Z] Heartbeat: saturn agent active
[2026-03-19T09:35:19Z] saturn agent starting
[2026-03-19T09:35:19Z] Role: Code Refactoring
[2026-03-19T09:35:20Z] Heartbeat: saturn agent active
[2026-03-19T09:36:56Z] saturn agent starting
[2026-03-19T09:36:56Z] Role: Code Refactoring
[2026-03-19T09:36:57Z] Heartbeat: saturn agent active
[2026-03-19T09:40:36Z] saturn agent starting
[2026-03-19T09:40:36Z] Role: Code Refactoring
[2026-03-19T09:40:36Z] Heartbeat: saturn agent active
[2026-03-19T09:41:06Z] Heartbeat: saturn agent active
[2026-03-19T09:51:01Z] saturn agent starting
[2026-03-19T09:51:01Z] Role: Code Refactoring
[2026-03-19T09:51:01Z] Heartbeat: saturn agent active
[2026-03-19T09:53:23Z] saturn agent starting
[2026-03-19T09:53:23Z] Role: Code Refactoring
[2026-03-19T09:53:23Z] Heartbeat: saturn agent active
[2026-03-19T09:57:21Z] saturn agent starting
[2026-03-19T09:57:22Z] Role: Code Refactoring
[2026-03-19T09:57:22Z] Heartbeat: saturn agent active
[2026-03-19T09:57:52Z] Heartbeat: saturn agent active
[2026-03-19T23:31:58Z] saturn agent starting
[2026-03-19T23:31:59Z] Role: Code Refactoring
[2026-03-19T23:32:00Z] saturn agent starting
[2026-03-19T23:32:01Z] Role: Code Refactoring
[2026-03-19T23:32:01Z] Heartbeat: saturn agent active
[2026-03-19T23:32:02Z] Heartbeat: saturn agent active
