[2026-03-19T08:45:45Z] sirius agent starting
[2026-03-19T08:45:45Z] Role: Cloud Deployment
[2026-03-19T08:45:46Z] Heartbeat: sirius agent active
[2026-03-19T08:45:46Z] Processing task: Task: Deploy to Vercel and Replit
Context: vercel: cleanbuildfresh, replit: constellation25
Priority: high
Timestamp: 2026-03-07T03:29:26Z
Source: Autonomous Self-Build
Build_ID: autobuild_ee13847bfbcfcdc1
[2026-03-19T08:47:57Z] sirius agent starting
[2026-03-19T08:47:57Z] Role: Cloud Deployment
[2026-03-19T08:47:57Z] Heartbeat: sirius agent active
[2026-03-19T08:48:27Z] Heartbeat: sirius agent active
[2026-03-19T08:52:47Z] sirius agent starting
[2026-03-19T08:52:47Z] Role: Cloud Deployment
[2026-03-19T08:52:48Z] Heartbeat: sirius agent active
[2026-03-19T08:59:01Z] sirius agent starting
[2026-03-19T08:59:02Z] Role: Cloud Deployment
[2026-03-19T08:59:02Z] Heartbeat: sirius agent active
[2026-03-19T09:00:19Z] sirius agent starting
[2026-03-19T09:00:19Z] Role: Cloud Deployment
[2026-03-19T09:00:20Z] Heartbeat: sirius agent active
[2026-03-19T09:00:24Z] sirius agent starting
[2026-03-19T09:00:24Z] Role: Cloud Deployment
[2026-03-19T09:00:25Z] Heartbeat: sirius agent active
[2026-03-19T09:00:27Z] sirius agent starting
[2026-03-19T09:00:27Z] Role: Cloud Deployment
[2026-03-19T09:00:27Z] Heartbeat: sirius agent active
[2026-03-19T09:04:49Z] sirius agent starting
[2026-03-19T09:04:49Z] Role: Cloud Deployment
[2026-03-19T09:04:50Z] Heartbeat: sirius agent active
[2026-03-19T09:05:20Z] Heartbeat: sirius agent active
[2026-03-19T09:06:58Z] sirius agent starting
[2026-03-19T09:06:58Z] Role: Cloud Deployment
[2026-03-19T09:06:58Z] Heartbeat: sirius agent active
[2026-03-19T09:07:56Z] sirius agent starting
[2026-03-19T09:07:57Z] Role: Cloud Deployment
[2026-03-19T09:07:57Z] Heartbeat: sirius agent active
[2026-03-19T09:08:13Z] sirius agent starting
[2026-03-19T09:08:14Z] Role: Cloud Deployment
[2026-03-19T09:08:14Z] Heartbeat: sirius agent active
[2026-03-19T09:09:12Z] sirius agent starting
[2026-03-19T09:09:12Z] Role: Cloud Deployment
[2026-03-19T09:09:13Z] Heartbeat: sirius agent active
[2026-03-19T09:14:14Z] sirius agent starting
[2026-03-19T09:14:17Z] Role: Cloud Deployment
[2026-03-19T09:14:18Z] sirius agent starting
[2026-03-19T09:14:18Z] Role: Cloud Deployment
[2026-03-19T09:14:20Z] Heartbeat: sirius agent active
[2026-03-19T09:14:21Z] Heartbeat: sirius agent active
[2026-03-19T09:14:52Z] Heartbeat: sirius agent active
[2026-03-19T09:14:52Z] Heartbeat: sirius agent active
[2026-03-19T09:15:22Z] Heartbeat: sirius agent active
[2026-03-19T09:15:22Z] Heartbeat: sirius agent active
[2026-03-19T09:15:52Z] Heartbeat: sirius agent active
[2026-03-19T09:15:53Z] Heartbeat: sirius agent active
[2026-03-19T09:16:23Z] Heartbeat: sirius agent active
[2026-03-19T09:16:23Z] Heartbeat: sirius agent active
[2026-03-19T09:16:53Z] Heartbeat: sirius agent active
[2026-03-19T09:16:53Z] Heartbeat: sirius agent active
[2026-03-19T09:35:19Z] sirius agent starting
[2026-03-19T09:35:19Z] Role: Cloud Deployment
[2026-03-19T09:35:19Z] Heartbeat: sirius agent active
[2026-03-19T09:36:56Z] sirius agent starting
[2026-03-19T09:36:56Z] Role: Cloud Deployment
[2026-03-19T09:36:57Z] Heartbeat: sirius agent active
[2026-03-19T09:40:35Z] sirius agent starting
[2026-03-19T09:40:35Z] Role: Cloud Deployment
[2026-03-19T09:40:35Z] Heartbeat: sirius agent active
[2026-03-19T09:41:05Z] Heartbeat: sirius agent active
[2026-03-19T09:51:00Z] sirius agent starting
[2026-03-19T09:51:01Z] Role: Cloud Deployment
[2026-03-19T09:51:01Z] Heartbeat: sirius agent active
[2026-03-19T09:53:22Z] sirius agent starting
[2026-03-19T09:53:23Z] Role: Cloud Deployment
[2026-03-19T09:53:23Z] Heartbeat: sirius agent active
[2026-03-19T09:57:22Z] sirius agent starting
[2026-03-19T09:57:22Z] Role: Cloud Deployment
[2026-03-19T09:57:22Z] Heartbeat: sirius agent active
[2026-03-19T09:57:52Z] Heartbeat: sirius agent active
[2026-03-19T23:31:57Z] sirius agent starting
[2026-03-19T23:31:59Z] Role: Cloud Deployment
[2026-03-19T23:32:01Z] Heartbeat: sirius agent active
[2026-03-19T23:32:01Z] sirius agent starting
[2026-03-19T23:32:02Z] Role: Cloud Deployment
[2026-03-19T23:32:03Z] Heartbeat: sirius agent active
