[2026-03-19T08:45:45Z] uranus agent starting
[2026-03-19T08:45:45Z] Role: NLP Processing
[2026-03-19T08:45:45Z] Heartbeat: uranus agent active
[2026-03-19T08:45:46Z] Processing task: Task: Create websocket-bridge.js for Replit
Context: port: 8080, auth: biometric + NDA
Priority: high
Timestamp: 2026-03-07T03:21:19Z
Source: Autonomous Self-Build
Build_ID: autobuild_ee13847bfbcfcdc1
[2026-03-19T08:47:57Z] uranus agent starting
[2026-03-19T08:47:57Z] Role: NLP Processing
[2026-03-19T08:47:57Z] Heartbeat: uranus agent active
[2026-03-19T08:48:27Z] Heartbeat: uranus agent active
[2026-03-19T08:52:47Z] uranus agent starting
[2026-03-19T08:52:48Z] Role: NLP Processing
[2026-03-19T08:52:48Z] Heartbeat: uranus agent active
[2026-03-19T08:59:01Z] uranus agent starting
[2026-03-19T08:59:01Z] Role: NLP Processing
[2026-03-19T08:59:02Z] Heartbeat: uranus agent active
[2026-03-19T09:00:19Z] uranus agent starting
[2026-03-19T09:00:19Z] Role: NLP Processing
[2026-03-19T09:00:20Z] Heartbeat: uranus agent active
[2026-03-19T09:00:25Z] uranus agent starting
[2026-03-19T09:00:25Z] Role: NLP Processing
[2026-03-19T09:00:25Z] Heartbeat: uranus agent active
[2026-03-19T09:00:27Z] uranus agent starting
[2026-03-19T09:00:27Z] Role: NLP Processing
[2026-03-19T09:00:27Z] Heartbeat: uranus agent active
[2026-03-19T09:04:49Z] uranus agent starting
[2026-03-19T09:04:49Z] Role: NLP Processing
[2026-03-19T09:04:50Z] Heartbeat: uranus agent active
[2026-03-19T09:05:20Z] Heartbeat: uranus agent active
[2026-03-19T09:06:58Z] uranus agent starting
[2026-03-19T09:06:58Z] Role: NLP Processing
[2026-03-19T09:06:58Z] Heartbeat: uranus agent active
[2026-03-19T09:07:57Z] uranus agent starting
[2026-03-19T09:07:57Z] Role: NLP Processing
[2026-03-19T09:07:57Z] Heartbeat: uranus agent active
[2026-03-19T09:08:13Z] uranus agent starting
[2026-03-19T09:08:13Z] Role: NLP Processing
[2026-03-19T09:08:13Z] Heartbeat: uranus agent active
[2026-03-19T09:09:12Z] uranus agent starting
[2026-03-19T09:09:13Z] Role: NLP Processing
[2026-03-19T09:09:13Z] Heartbeat: uranus agent active
[2026-03-19T09:14:13Z] uranus agent starting
[2026-03-19T09:14:16Z] Role: NLP Processing
[2026-03-19T09:14:17Z] uranus agent starting
[2026-03-19T09:14:19Z] Role: NLP Processing
[2026-03-19T09:14:19Z] Heartbeat: uranus agent active
[2026-03-19T09:14:21Z] Heartbeat: uranus agent active
[2026-03-19T09:14:51Z] Heartbeat: uranus agent active
[2026-03-19T09:14:52Z] Heartbeat: uranus agent active
[2026-03-19T09:15:21Z] Heartbeat: uranus agent active
[2026-03-19T09:15:23Z] Heartbeat: uranus agent active
[2026-03-19T09:15:51Z] Heartbeat: uranus agent active
[2026-03-19T09:15:53Z] Heartbeat: uranus agent active
[2026-03-19T09:16:22Z] Heartbeat: uranus agent active
[2026-03-19T09:16:23Z] Heartbeat: uranus agent active
[2026-03-19T09:16:52Z] Heartbeat: uranus agent active
[2026-03-19T09:16:54Z] Heartbeat: uranus agent active
[2026-03-19T09:35:19Z] uranus agent starting
[2026-03-19T09:35:19Z] Role: NLP Processing
[2026-03-19T09:35:19Z] Heartbeat: uranus agent active
[2026-03-19T09:36:56Z] uranus agent starting
[2026-03-19T09:36:56Z] Role: NLP Processing
[2026-03-19T09:36:57Z] Heartbeat: uranus agent active
[2026-03-19T09:40:35Z] uranus agent starting
[2026-03-19T09:40:36Z] Role: NLP Processing
[2026-03-19T09:40:36Z] Heartbeat: uranus agent active
[2026-03-19T09:41:06Z] Heartbeat: uranus agent active
[2026-03-19T09:51:01Z] uranus agent starting
[2026-03-19T09:51:01Z] Role: NLP Processing
[2026-03-19T09:51:01Z] Heartbeat: uranus agent active
[2026-03-19T09:53:23Z] uranus agent starting
[2026-03-19T09:53:23Z] Role: NLP Processing
[2026-03-19T09:53:23Z] Heartbeat: uranus agent active
[2026-03-19T09:57:22Z] uranus agent starting
[2026-03-19T09:57:22Z] Role: NLP Processing
[2026-03-19T09:57:22Z] Heartbeat: uranus agent active
[2026-03-19T09:57:53Z] Heartbeat: uranus agent active
[2026-03-19T23:31:57Z] uranus agent starting
[2026-03-19T23:31:58Z] Role: NLP Processing
[2026-03-19T23:32:00Z] Heartbeat: uranus agent active
[2026-03-19T23:32:01Z] uranus agent starting
[2026-03-19T23:32:02Z] Role: NLP Processing
[2026-03-19T23:32:03Z] Heartbeat: uranus agent active
