[2026-03-19T08:45:45Z] venus agent starting
[2026-03-19T08:45:45Z] Role: Integration Testing
[2026-03-19T08:45:46Z] Heartbeat: venus agent active
[2026-03-19T08:45:46Z] Processing task: Task: Generate system-specific API endpoints
Context: health, data, status endpoints
Priority: high
Timestamp: 2026-03-07T03:26:23Z
Source: Autonomous Self-Build
Build_ID: autobuild_ee13847bfbcfcdc1
[2026-03-19T08:47:56Z] venus agent starting
[2026-03-19T08:47:56Z] Role: Integration Testing
[2026-03-19T08:47:57Z] Heartbeat: venus agent active
[2026-03-19T08:48:27Z] Heartbeat: venus agent active
[2026-03-19T08:52:47Z] venus agent starting
[2026-03-19T08:52:48Z] Role: Integration Testing
[2026-03-19T08:52:48Z] Heartbeat: venus agent active
[2026-03-19T08:59:01Z] venus agent starting
[2026-03-19T08:59:02Z] Role: Integration Testing
[2026-03-19T08:59:02Z] Heartbeat: venus agent active
[2026-03-19T09:00:19Z] venus agent starting
[2026-03-19T09:00:19Z] Role: Integration Testing
[2026-03-19T09:00:19Z] Heartbeat: venus agent active
[2026-03-19T09:00:25Z] venus agent starting
[2026-03-19T09:00:25Z] Role: Integration Testing
[2026-03-19T09:00:25Z] Heartbeat: venus agent active
[2026-03-19T09:00:27Z] venus agent starting
[2026-03-19T09:00:27Z] Role: Integration Testing
[2026-03-19T09:00:28Z] Heartbeat: venus agent active
[2026-03-19T09:00:58Z] Heartbeat: venus agent active
[2026-03-19T09:01:28Z] Heartbeat: venus agent active
[2026-03-19T09:01:58Z] Heartbeat: venus agent active
[2026-03-19T09:02:28Z] Heartbeat: venus agent active
[2026-03-19T09:02:58Z] Heartbeat: venus agent active
[2026-03-19T09:03:29Z] Heartbeat: venus agent active
[2026-03-19T09:03:59Z] Heartbeat: venus agent active
[2026-03-19T09:04:29Z] Heartbeat: venus agent active
[2026-03-19T09:04:49Z] venus agent starting
[2026-03-19T09:04:49Z] Role: Integration Testing
[2026-03-19T09:04:50Z] Heartbeat: venus agent active
[2026-03-19T09:04:59Z] Heartbeat: venus agent active
[2026-03-19T09:05:20Z] Heartbeat: venus agent active
[2026-03-19T09:05:29Z] Heartbeat: venus agent active
[2026-03-19T09:06:58Z] venus agent starting
[2026-03-19T09:06:58Z] Role: Integration Testing
[2026-03-19T09:06:58Z] Heartbeat: venus agent active
[2026-03-19T09:07:57Z] venus agent starting
[2026-03-19T09:07:57Z] Role: Integration Testing
[2026-03-19T09:07:57Z] Heartbeat: venus agent active
[2026-03-19T09:08:13Z] venus agent starting
[2026-03-19T09:08:13Z] Role: Integration Testing
[2026-03-19T09:08:14Z] Heartbeat: venus agent active
[2026-03-19T09:09:12Z] venus agent starting
[2026-03-19T09:09:12Z] Role: Integration Testing
[2026-03-19T09:09:13Z] Heartbeat: venus agent active
[2026-03-19T09:14:14Z] venus agent starting
[2026-03-19T09:14:16Z] venus agent starting
[2026-03-19T09:14:17Z] Role: Integration Testing
[2026-03-19T09:14:18Z] Role: Integration Testing
[2026-03-19T09:14:20Z] Heartbeat: venus agent active
[2026-03-19T09:14:20Z] Heartbeat: venus agent active
[2026-03-19T09:14:52Z] Heartbeat: venus agent active
[2026-03-19T09:14:52Z] Heartbeat: venus agent active
[2026-03-19T09:15:22Z] Heartbeat: venus agent active
[2026-03-19T09:15:22Z] Heartbeat: venus agent active
[2026-03-19T09:15:52Z] Heartbeat: venus agent active
[2026-03-19T09:15:53Z] Heartbeat: venus agent active
[2026-03-19T09:16:22Z] Heartbeat: venus agent active
[2026-03-19T09:16:23Z] Heartbeat: venus agent active
[2026-03-19T09:16:53Z] Heartbeat: venus agent active
[2026-03-19T09:16:53Z] Heartbeat: venus agent active
[2026-03-19T09:35:19Z] venus agent starting
[2026-03-19T09:35:19Z] Role: Integration Testing
[2026-03-19T09:35:20Z] Heartbeat: venus agent active
[2026-03-19T09:36:56Z] venus agent starting
[2026-03-19T09:36:56Z] Role: Integration Testing
[2026-03-19T09:36:57Z] Heartbeat: venus agent active
[2026-03-19T09:40:35Z] venus agent starting
[2026-03-19T09:40:36Z] Role: Integration Testing
[2026-03-19T09:40:36Z] Heartbeat: venus agent active
[2026-03-19T09:41:06Z] Heartbeat: venus agent active
[2026-03-19T09:51:01Z] venus agent starting
[2026-03-19T09:51:01Z] Role: Integration Testing
[2026-03-19T09:51:01Z] Heartbeat: venus agent active
[2026-03-19T09:53:23Z] venus agent starting
[2026-03-19T09:53:23Z] Role: Integration Testing
[2026-03-19T09:53:23Z] Heartbeat: venus agent active
[2026-03-19T09:57:22Z] venus agent starting
[2026-03-19T09:57:22Z] Role: Integration Testing
[2026-03-19T09:57:22Z] Heartbeat: venus agent active
[2026-03-19T09:57:53Z] Heartbeat: venus agent active
[2026-03-19T23:31:58Z] venus agent starting
[2026-03-19T23:31:58Z] Role: Integration Testing
[2026-03-19T23:32:01Z] Heartbeat: venus agent active
[2026-03-19T23:32:02Z] venus agent starting
[2026-03-19T23:32:02Z] Role: Integration Testing
[2026-03-19T23:32:03Z] Heartbeat: venus agent active
